[debug] [2020-11-23T04:07:35.862Z] ----------------------------------------------------------------------
[debug] [2020-11-23T04:07:35.867Z] Command:       /usr/bin/node /usr/local/bin/firebase deploy
[debug] [2020-11-23T04:07:35.868Z] CLI Version:   8.15.1
[debug] [2020-11-23T04:07:35.868Z] Platform:      linux
[debug] [2020-11-23T04:07:35.868Z] Node Version:  v10.19.0
[debug] [2020-11-23T04:07:35.868Z] Time:          Mon Nov 23 2020 06:07:35 GMT+0200 (Eastern European Standard Time)
[debug] [2020-11-23T04:07:35.869Z] ----------------------------------------------------------------------
[debug] [2020-11-23T04:07:35.869Z] 
[debug] [2020-11-23T04:07:35.919Z] > command requires scopes: ["email","openid","https://www.googleapis.com/auth/cloudplatformprojects.readonly","https://www.googleapis.com/auth/firebase","https://www.googleapis.com/auth/cloud-platform"]
[debug] [2020-11-23T04:07:35.920Z] > authorizing via signed-in user
[debug] [2020-11-23T04:07:35.920Z] [iam] checking project shop-436e8 for permissions ["firebase.projects.get","firebasehosting.sites.update"]
[debug] [2020-11-23T04:07:35.924Z] > refreshing access token with scopes: ["email","https://www.googleapis.com/auth/cloud-platform","https://www.googleapis.com/auth/cloudplatformprojects.readonly","https://www.googleapis.com/auth/firebase","openid"]
[debug] [2020-11-23T04:07:35.925Z] >>> HTTP REQUEST POST https://www.googleapis.com/oauth2/v3/token  
 <request body omitted>
[debug] [2020-11-23T04:07:36.209Z] <<< HTTP RESPONSE 200 {"pragma":"no-cache","expires":"Mon, 01 Jan 1990 00:00:00 GMT","cache-control":"no-cache, no-store, max-age=0, must-revalidate","date":"Mon, 23 Nov 2020 04:07:36 GMT","content-type":"application/json; charset=utf-8","vary":"X-Origin, Referer, Origin,Accept-Encoding","server":"scaffolding on HTTPServer2","x-xss-protection":"0","x-frame-options":"SAMEORIGIN","x-content-type-options":"nosniff","alt-svc":"h3-29=\":443\"; ma=2592000,h3-T051=\":443\"; ma=2592000,h3-Q050=\":443\"; ma=2592000,h3-Q046=\":443\"; ma=2592000,h3-Q043=\":443\"; ma=2592000,quic=\":443\"; ma=2592000; v=\"46,43\"","accept-ranges":"none","transfer-encoding":"chunked"}
[debug] [2020-11-23T04:07:36.217Z] >>> HTTP REQUEST POST https://cloudresourcemanager.googleapis.com/v1/projects/shop-436e8:testIamPermissions  
 {"permissions":["firebase.projects.get","firebasehosting.sites.update"]}
[debug] [2020-11-23T04:07:37.092Z] <<< HTTP RESPONSE 200 {"content-type":"application/json; charset=UTF-8","vary":"X-Origin, Referer, Origin,Accept-Encoding","date":"Mon, 23 Nov 2020 04:07:37 GMT","server":"ESF","cache-control":"private","x-xss-protection":"0","x-frame-options":"SAMEORIGIN","x-content-type-options":"nosniff","server-timing":"gfet4t7; dur=697","alt-svc":"h3-29=\":443\"; ma=2592000,h3-T051=\":443\"; ma=2592000,h3-Q050=\":443\"; ma=2592000,h3-Q046=\":443\"; ma=2592000,h3-Q043=\":443\"; ma=2592000,quic=\":443\"; ma=2592000; v=\"46,43\"","accept-ranges":"none","transfer-encoding":"chunked"}
[debug] [2020-11-23T04:07:37.094Z] >>> HTTP REQUEST GET https://firebase.googleapis.com/v1beta1/projects/shop-436e8  
 
[debug] [2020-11-23T04:07:37.463Z] <<< HTTP RESPONSE 200 {"content-type":"application/json; charset=UTF-8","vary":"X-Origin, Referer, Origin,Accept-Encoding","date":"Mon, 23 Nov 2020 04:07:37 GMT","server":"ESF","cache-control":"private","x-xss-protection":"0","x-frame-options":"SAMEORIGIN","x-content-type-options":"nosniff","alt-svc":"h3-29=\":443\"; ma=2592000,h3-T051=\":443\"; ma=2592000,h3-Q050=\":443\"; ma=2592000,h3-Q046=\":443\"; ma=2592000,h3-Q043=\":443\"; ma=2592000,quic=\":443\"; ma=2592000; v=\"46,43\"","accept-ranges":"none","transfer-encoding":"chunked"}
[info] 
[info] === Deploying to 'shop-436e8'...
[info] 
[info] i  deploying hosting 
[debug] [2020-11-23T04:07:37.471Z] >>> HTTP REQUEST POST https://firebasehosting.googleapis.com/v1beta1/sites/shop-436e8/versions  
 {"config":{"rewrites":[{"glob":"**","path":"/index.html"}]},"labels":{"deployment-tool":"cli-firebase"}}
[debug] [2020-11-23T04:07:39.075Z] <<< HTTP RESPONSE 200 {"content-type":"application/json; charset=UTF-8","vary":"X-Origin, Referer, Origin,Accept-Encoding","date":"Mon, 23 Nov 2020 04:07:39 GMT","server":"ESF","cache-control":"private","x-xss-protection":"0","x-frame-options":"SAMEORIGIN","x-content-type-options":"nosniff","alt-svc":"h3-29=\":443\"; ma=2592000,h3-T051=\":443\"; ma=2592000,h3-Q050=\":443\"; ma=2592000,h3-Q046=\":443\"; ma=2592000,h3-Q043=\":443\"; ma=2592000,quic=\":443\"; ma=2592000; v=\"46,43\"","accept-ranges":"none","transfer-encoding":"chunked"}
[info] i  hosting[shop-436e8]: beginning deploy... 
[info] i  hosting[shop-436e8]: found 7 files in dist/shop 
[debug] [2020-11-23T04:07:39.297Z] [hosting] hash cache [ZGlzdC9zaG9w] stored for 7 files
[debug] [2020-11-23T04:07:39.298Z] [hosting][hash queue][FINAL] {"max":194,"min":38,"avg":65.42857142857143,"active":0,"complete":7,"success":7,"errored":0,"retried":0,"total":7,"elapsed":203}
[debug] [2020-11-23T04:07:39.298Z] >>> HTTP REQUEST POST https://firebasehosting.googleapis.com/v1beta1/sites/shop-436e8/versions/380cdef1e9304db7:populateFiles  
 <request body omitted>
